
> assignment5-6@1.0.1 eslint C:\assignment-5\assignment-5
> eslint src/**/*.js


C:\assignment-5\assignment-5\src\script.js
   2:10  error    'loadMenu' is defined but never used        no-unused-vars
   8:10  error    'load' is defined but never used            no-unused-vars
  59:10  error    'active' is defined but never used          no-unused-vars
  67:10  error    'submitContact' is defined but never used   no-unused-vars
  74:5   warning  Unexpected alert                            no-alert
  81:10  error    'subscribeEmail' is defined but never used  no-unused-vars
  86:5   warning  Unexpected alert                            no-alert

✖ 7 problems (5 errors, 2 warnings)

npm ERR! code ELIFECYCLE
npm ERR! errno 1
npm ERR! assignment5-6@1.0.1 eslint: `eslint src/**/*.js`
npm ERR! Exit status 1
npm ERR! 
npm ERR! Failed at the assignment5-6@1.0.1 eslint script.
npm ERR! This is probably not a problem with npm. There is likely additional logging output above.

npm ERR! A complete log of this run can be found in:
npm ERR!     C:\Users\cc199\AppData\Roaming\npm-cache\_logs\2020-08-14T03_10_55_036Z-debug.log
